<?xml version="1.0" encoding="UTF-8"?>
<testng-results skipped="0" failed="0" total="1" passed="1">
  <reporter-output>
  </reporter-output>
  <suite name="Suite1" duration-ms="31" started-at="2016-04-09T20:30:50Z" finished-at="2016-04-09T20:30:50Z">
    <groups>
    </groups>
    <test name="Executor Test" duration-ms="31" started-at="2016-04-09T20:30:50Z" finished-at="2016-04-09T20:30:50Z">
      <class name="ExecutorImplTestNG">
        <test-method status="PASS" signature="getInvalidResults()[pri:0, instance:ExecutorImplTestNG@24273305]" name="getInvalidResults" duration-ms="0" started-at="2016-04-09T23:30:50Z" finished-at="2016-04-09T23:30:50Z">
          <reporter-output>
          </reporter-output>
        </test-method> <!-- getInvalidResults -->
      </class> <!-- ExecutorImplTestNG -->
    </test> <!-- Executor Test -->
  </suite> <!-- Suite1 -->
</testng-results>
